[DEBUG] 20:19:59:010 log_TECLADO/(17548:17548): PATH CONFIG: ./configs/TECLADO.config
[INFO] 20:19:59:102 log_TECLADO/(17548:17548): Se creo la conexion entre IO y Kernel
[INFO] 20:19:59:127 log_TECLADO/(17548:17548): CONEXION CON KERNEL OK
[INFO] 20:19:59:145 log_TECLADO/(17548:17548): Se creo la conexion entre IO y MEMORIA
[ERROR] 20:20:10:905 log_TECLADO/(17548:17554): Modulo MEMORIA desconectado, terminando servidor
[ERROR] 20:20:11:118 log_TECLADO/(17548:17548): KERNEL SE DESCONECTO. Terminando PROCESO
[DEBUG] 20:25:27:575 log_TECLADO/(18520:18520): PATH CONFIG: ./configs/TECLADO.config
[INFO] 20:25:27:639 log_TECLADO/(18520:18520): Se creo la conexion entre IO y Kernel
[INFO] 20:25:27:645 log_TECLADO/(18520:18520): CONEXION CON KERNEL OK
[INFO] 20:25:27:660 log_TECLADO/(18520:18520): Se creo la conexion entre IO y MEMORIA
[ERROR] 20:25:47:160 log_TECLADO/(18520:18525): Modulo MEMORIA desconectado, terminando servidor
[ERROR] 20:25:47:376 log_TECLADO/(18520:18520): KERNEL SE DESCONECTO. Terminando PROCESO
[DEBUG] 20:29:27:125 log_TECLADO/(19183:19183): PATH CONFIG: ./configs/TECLADO.config
[INFO] 20:29:27:189 log_TECLADO/(19183:19183): Se creo la conexion entre IO y Kernel
[INFO] 20:29:27:196 log_TECLADO/(19183:19183): CONEXION CON KERNEL OK
[INFO] 20:29:27:205 log_TECLADO/(19183:19183): Se creo la conexion entre IO y MEMORIA
[ERROR] 20:29:50:115 log_TECLADO/(19183:19183): KERNEL SE DESCONECTO. Terminando PROCESO
[DEBUG] 20:33:20:111 log_TECLADO/(20213:20213): PATH CONFIG: ./configs/TECLADO.config
[INFO] 20:33:20:175 log_TECLADO/(20213:20213): Se creo la conexion entre IO y Kernel
[INFO] 20:33:20:181 log_TECLADO/(20213:20213): CONEXION CON KERNEL OK
[INFO] 20:33:20:192 log_TECLADO/(20213:20213): Se creo la conexion entre IO y MEMORIA
[INFO] 20:35:12:245 log_TECLADO/(20213:20213): PID: 12 - Operacion: IO_STDIN_READ
[INFO] 20:35:21:657 log_TECLADO/(20213:20213): PID: 18 - Operacion: IO_STDIN_READ
[INFO] 20:35:25:365 log_TECLADO/(20213:20213): PID: 24 - Operacion: IO_STDIN_READ
[INFO] 20:35:27:620 log_TECLADO/(20213:20213): PID: 6 - Operacion: IO_STDIN_READ
[INFO] 20:35:40:145 log_TECLADO/(20213:20213): PID: 12 - Operacion: IO_STDIN_READ
[INFO] 20:35:41:136 log_TECLADO/(20213:20213): PID: 30 - Operacion: IO_STDIN_READ
[INFO] 20:35:43:809 log_TECLADO/(20213:20213): PID: 18 - Operacion: IO_STDIN_READ
[INFO] 20:35:47:153 log_TECLADO/(20213:20213): PID: 24 - Operacion: IO_STDIN_READ
[INFO] 20:35:48:804 log_TECLADO/(20213:20213): PID: 6 - Operacion: IO_STDIN_READ
[INFO] 20:36:05:006 log_TECLADO/(20213:20213): PID: 18 - Operacion: IO_STDIN_READ
[INFO] 20:36:07:736 log_TECLADO/(20213:20213): PID: 24 - Operacion: IO_STDIN_READ
[INFO] 20:36:11:766 log_TECLADO/(20213:20213): PID: 6 - Operacion: IO_STDIN_READ
[INFO] 20:36:18:276 log_TECLADO/(20213:20213): PID: 12 - Operacion: IO_STDIN_READ
[INFO] 20:36:31:140 log_TECLADO/(20213:20213): PID: 30 - Operacion: IO_STDIN_READ
[INFO] 20:36:32:845 log_TECLADO/(20213:20213): PID: 18 - Operacion: IO_STDIN_READ
[INFO] 20:36:34:908 log_TECLADO/(20213:20213): PID: 24 - Operacion: IO_STDIN_READ
[INFO] 20:36:37:835 log_TECLADO/(20213:20213): PID: 6 - Operacion: IO_STDIN_READ
[ERROR] 20:36:48:654 log_TECLADO/(20213:20216): Modulo MEMORIA desconectado, terminando servidor
[DEBUG] 20:43:46:027 log_TECLADO/(20823:20823): PATH CONFIG: ./configs/TECLADO.config
[INFO] 20:43:46:028 log_TECLADO/(20823:20823): Se creo la conexion entre IO y Kernel
[INFO] 20:43:46:028 log_TECLADO/(20823:20823): CONEXION CON KERNEL OK
[INFO] 20:43:46:028 log_TECLADO/(20823:20823): Se creo la conexion entre IO y MEMORIA
[INFO] 20:45:19:736 log_TECLADO/(20823:20823): PID: 18 - Operacion: IO_STDIN_READ
[INFO] 20:45:22:548 log_TECLADO/(20823:20823): PID: 24 - Operacion: IO_STDIN_READ
[INFO] 20:45:23:720 log_TECLADO/(20823:20823): PID: 30 - Operacion: IO_STDIN_READ
[INFO] 20:45:25:400 log_TECLADO/(20823:20823): PID: 12 - Operacion: IO_STDIN_READ
[INFO] 20:45:26:546 log_TECLADO/(20823:20823): PID: 6 - Operacion: IO_STDIN_READ
[INFO] 20:45:41:803 log_TECLADO/(20823:20823): PID: 18 - Operacion: IO_STDIN_READ
[INFO] 20:45:42:388 log_TECLADO/(20823:20823): PID: 24 - Operacion: IO_STDIN_READ
[INFO] 20:45:44:194 log_TECLADO/(20823:20823): PID: 30 - Operacion: IO_STDIN_READ
[INFO] 20:45:46:210 log_TECLADO/(20823:20823): PID: 12 - Operacion: IO_STDIN_READ
[INFO] 20:45:47:954 log_TECLADO/(20823:20823): PID: 6 - Operacion: IO_STDIN_READ
[ERROR] 20:53:07:110 log_TECLADO/(20823:20827): Modulo MEMORIA desconectado, terminando servidor
[ERROR] 20:58:22:929 log_TECLADO/(20823:20823): KERNEL SE DESCONECTO. Terminando PROCESO
[DEBUG] 20:58:26:283 log_TECLADO/(22103:22103): PATH CONFIG: ./configs/TECLADO.config
[INFO] 20:58:26:283 log_TECLADO/(22103:22103): Se creo la conexion entre IO y Kernel
[INFO] 20:58:26:283 log_TECLADO/(22103:22103): CONEXION CON KERNEL OK
[INFO] 20:58:26:283 log_TECLADO/(22103:22103): Se creo la conexion entre IO y MEMORIA
[INFO] 20:59:18:580 log_TECLADO/(22103:22103): PID: 6 - Operacion: IO_STDIN_READ
[ERROR] 21:01:11:829 log_TECLADO/(22103:22106): Modulo MEMORIA desconectado, terminando servidor
[DEBUG] 21:02:20:982 log_TECLADO/(22470:22470): PATH CONFIG: ./configs/TECLADO.config
[INFO] 21:02:20:983 log_TECLADO/(22470:22470): Se creo la conexion entre IO y Kernel
[INFO] 21:02:20:983 log_TECLADO/(22470:22470): CONEXION CON KERNEL OK
[INFO] 21:02:20:983 log_TECLADO/(22470:22470): Se creo la conexion entre IO y MEMORIA
[INFO] 21:03:17:677 log_TECLADO/(22470:22470): PID: 6 - Operacion: IO_STDIN_READ
[INFO] 21:09:43:924 log_TECLADO/(22470:22470): PID: 12 - Operacion: IO_STDIN_READ
[INFO] 21:09:44:756 log_TECLADO/(22470:22470): PID: 18 - Operacion: IO_STDIN_READ
[INFO] 21:09:45:484 log_TECLADO/(22470:22470): PID: 24 - Operacion: IO_STDIN_READ
[INFO] 21:09:46:156 log_TECLADO/(22470:22470): PID: 30 - Operacion: IO_STDIN_READ
[INFO] 21:10:01:882 log_TECLADO/(22470:22470): PID: 6 - Operacion: IO_STDIN_READ
[INFO] 21:10:03:060 log_TECLADO/(22470:22470): PID: 12 - Operacion: IO_STDIN_READ
[INFO] 21:10:03:664 log_TECLADO/(22470:22470): PID: 18 - Operacion: IO_STDIN_READ
[INFO] 21:10:05:473 log_TECLADO/(22470:22470): PID: 24 - Operacion: IO_STDIN_READ
[INFO] 21:10:19:077 log_TECLADO/(22470:22470): PID: 30 - Operacion: IO_STDIN_READ
[INFO] 21:10:24:446 log_TECLADO/(22470:22470): PID: 12 - Operacion: IO_STDIN_READ
[INFO] 21:10:26:869 log_TECLADO/(22470:22470): PID: 18 - Operacion: IO_STDIN_READ
[INFO] 21:11:15:133 log_TECLADO/(22470:22470): PID: 24 - Operacion: IO_STDIN_READ
[INFO] 21:11:16:119 log_TECLADO/(22470:22470): PID: 30 - Operacion: IO_STDIN_READ
[INFO] 21:11:17:581 log_TECLADO/(22470:22470): PID: 12 - Operacion: IO_STDIN_READ
[INFO] 21:11:32:549 log_TECLADO/(22470:22470): PID: 18 - Operacion: IO_STDIN_READ
[ERROR] 21:11:32:694 log_TECLADO/(22470:22470): KERNEL SE DESCONECTO. Terminando PROCESO
[DEBUG] 21:13:49:374 log_TECLADO/(24068:24068): PATH CONFIG: ./configs/TECLADO.config
[INFO] 21:13:49:375 log_TECLADO/(24068:24068): Se creo la conexion entre IO y Kernel
[INFO] 21:13:49:375 log_TECLADO/(24068:24068): CONEXION CON KERNEL OK
[INFO] 21:13:49:376 log_TECLADO/(24068:24068): Se creo la conexion entre IO y MEMORIA
[INFO] 21:15:00:753 log_TECLADO/(24068:24068): PID: 6 - Operacion: IO_STDIN_READ
[INFO] 21:17:09:711 log_TECLADO/(24068:24068): PID: 24 - Operacion: IO_STDIN_READ
[INFO] 21:17:11:616 log_TECLADO/(24068:24068): PID: 12 - Operacion: IO_STDIN_READ
[INFO] 21:17:13:981 log_TECLADO/(24068:24068): PID: 30 - Operacion: IO_STDIN_READ
[INFO] 21:17:18:846 log_TECLADO/(24068:24068): PID: 18 - Operacion: IO_STDIN_READ
[INFO] 21:17:32:512 log_TECLADO/(24068:24068): PID: 12 - Operacion: IO_STDIN_READ
[INFO] 21:17:38:300 log_TECLADO/(24068:24068): PID: 30 - Operacion: IO_STDIN_READ
[INFO] 21:18:20:543 log_TECLADO/(24068:24068): PID: 18 - Operacion: IO_STDIN_READ
[INFO] 21:18:21:125 log_TECLADO/(24068:24068): PID: 6 - Operacion: IO_STDIN_READ
[INFO] 21:18:22:527 log_TECLADO/(24068:24068): PID: 24 - Operacion: IO_STDIN_READ
[INFO] 21:18:26:111 log_TECLADO/(24068:24068): PID: 12 - Operacion: IO_STDIN_READ
[INFO] 21:18:39:102 log_TECLADO/(24068:24068): PID: 18 - Operacion: IO_STDIN_READ
[INFO] 21:18:50:830 log_TECLADO/(24068:24068): PID: 6 - Operacion: IO_STDIN_READ
[INFO] 21:20:55:886 log_TECLADO/(24068:24068): PID: 12 - Operacion: IO_STDIN_READ
[INFO] 21:21:06:471 log_TECLADO/(24068:24068): PID: 30 - Operacion: IO_STDIN_READ
[INFO] 21:21:47:781 log_TECLADO/(24068:24068): PID: 24 - Operacion: IO_STDIN_READ
[INFO] 21:23:15:397 log_TECLADO/(24068:24068): PID: 18 - Operacion: IO_STDIN_READ
[INFO] 21:23:16:349 log_TECLADO/(24068:24068): PID: 6 - Operacion: IO_STDIN_READ
[INFO] 21:23:17:121 log_TECLADO/(24068:24068): PID: 12 - Operacion: IO_STDIN_READ
[INFO] 21:23:17:814 log_TECLADO/(24068:24068): PID: 30 - Operacion: IO_STDIN_READ
[INFO] 21:23:37:702 log_TECLADO/(24068:24068): PID: 18 - Operacion: IO_STDIN_READ
[INFO] 21:23:38:184 log_TECLADO/(24068:24068): PID: 6 - Operacion: IO_STDIN_READ
[INFO] 21:25:04:006 log_TECLADO/(24068:24068): PID: 30 - Operacion: IO_STDIN_READ
[INFO] 21:25:04:582 log_TECLADO/(24068:24068): PID: 24 - Operacion: IO_STDIN_READ
[INFO] 21:25:05:957 log_TECLADO/(24068:24068): PID: 12 - Operacion: IO_STDIN_READ
[INFO] 21:25:09:734 log_TECLADO/(24068:24068): PID: 18 - Operacion: IO_STDIN_READ
[INFO] 21:25:21:701 log_TECLADO/(24068:24068): PID: 6 - Operacion: IO_STDIN_READ
[INFO] 21:25:24:516 log_TECLADO/(24068:24068): PID: 24 - Operacion: IO_STDIN_READ
[INFO] 21:30:00:094 log_TECLADO/(24068:24068): PID: 18 - Operacion: IO_STDIN_READ
[INFO] 21:30:01:220 log_TECLADO/(24068:24068): PID: 30 - Operacion: IO_STDIN_READ
[INFO] 21:30:03:380 log_TECLADO/(24068:24068): PID: 6 - Operacion: IO_STDIN_READ
[INFO] 21:30:04:012 log_TECLADO/(24068:24068): PID: 12 - Operacion: IO_STDIN_READ
[INFO] 21:30:18:979 log_TECLADO/(24068:24068): PID: 24 - Operacion: IO_STDIN_READ
[INFO] 21:30:20:369 log_TECLADO/(24068:24068): PID: 18 - Operacion: IO_STDIN_READ
[INFO] 21:36:59:332 log_TECLADO/(24068:24068): PID: 6 - Operacion: IO_STDIN_READ
[INFO] 21:37:00:134 log_TECLADO/(24068:24068): PID: 12 - Operacion: IO_STDIN_READ
[INFO] 21:37:01:006 log_TECLADO/(24068:24068): PID: 30 - Operacion: IO_STDIN_READ
[INFO] 21:37:01:635 log_TECLADO/(24068:24068): PID: 24 - Operacion: IO_STDIN_READ
[INFO] 21:37:19:263 log_TECLADO/(24068:24068): PID: 18 - Operacion: IO_STDIN_READ
[INFO] 21:37:19:932 log_TECLADO/(24068:24068): PID: 6 - Operacion: IO_STDIN_READ
[INFO] 21:37:21:592 log_TECLADO/(24068:24068): PID: 12 - Operacion: IO_STDIN_READ
[INFO] 21:37:24:117 log_TECLADO/(24068:24068): PID: 24 - Operacion: IO_STDIN_READ
[ERROR] 21:37:30:059 log_TECLADO/(24068:24070): Modulo MEMORIA desconectado, terminando servidor
[ERROR] 21:37:30:328 log_TECLADO/(24068:24068): KERNEL SE DESCONECTO. Terminando PROCESO
