[DEBUG] 20:19:59:454 log_MONITOR/(17549:17549): PATH CONFIG: ./configs/MONITOR.config
[INFO] 20:19:59:546 log_MONITOR/(17549:17549): Se creo la conexion entre IO y Kernel
[INFO] 20:19:59:561 log_MONITOR/(17549:17549): CONEXION CON KERNEL OK
[INFO] 20:19:59:572 log_MONITOR/(17549:17549): Se creo la conexion entre IO y MEMORIA
[ERROR] 20:20:10:902 log_MONITOR/(17549:17558): Modulo MEMORIA desconectado, terminando servidor
[ERROR] 20:20:11:118 log_MONITOR/(17549:17549): KERNEL SE DESCONECTO. Terminando PROCESO
[DEBUG] 20:25:28:263 log_MONITOR/(18527:18527): PATH CONFIG: ./configs/MONITOR.config
[INFO] 20:25:28:326 log_MONITOR/(18527:18527): Se creo la conexion entre IO y Kernel
[INFO] 20:25:28:332 log_MONITOR/(18527:18527): CONEXION CON KERNEL OK
[INFO] 20:25:28:334 log_MONITOR/(18527:18527): Se creo la conexion entre IO y MEMORIA
[ERROR] 20:25:47:160 log_MONITOR/(18527:18528): Modulo MEMORIA desconectado, terminando servidor
[ERROR] 20:25:47:374 log_MONITOR/(18527:18527): KERNEL SE DESCONECTO. Terminando PROCESO
[DEBUG] 20:29:27:846 log_MONITOR/(19188:19188): PATH CONFIG: ./configs/MONITOR.config
[INFO] 20:29:27:910 log_MONITOR/(19188:19188): Se creo la conexion entre IO y Kernel
[INFO] 20:29:27:916 log_MONITOR/(19188:19188): CONEXION CON KERNEL OK
[INFO] 20:29:27:925 log_MONITOR/(19188:19188): Se creo la conexion entre IO y MEMORIA
[ERROR] 20:29:50:115 log_MONITOR/(19188:19188): KERNEL SE DESCONECTO. Terminando PROCESO
[DEBUG] 20:33:20:837 log_MONITOR/(20218:20218): PATH CONFIG: ./configs/MONITOR.config
[INFO] 20:33:20:901 log_MONITOR/(20218:20218): Se creo la conexion entre IO y Kernel
[INFO] 20:33:20:906 log_MONITOR/(20218:20218): CONEXION CON KERNEL OK
[INFO] 20:33:20:916 log_MONITOR/(20218:20218): Se creo la conexion entre IO y MEMORIA
[INFO] 20:35:22:162 log_MONITOR/(20218:20218): PID: 12 - Operacion: IO_STDOUT_WRITE 
[INFO] 20:35:25:563 log_MONITOR/(20218:20218): PID: 18 - Operacion: IO_STDOUT_WRITE 
[INFO] 20:35:28:228 log_MONITOR/(20218:20218): PID: 24 - Operacion: IO_STDOUT_WRITE 
[INFO] 20:35:29:407 log_MONITOR/(20218:20218): PID: 6 - Operacion: IO_STDOUT_WRITE 
[INFO] 20:35:40:885 log_MONITOR/(20218:20218): PID: 12 - Operacion: IO_STDOUT_WRITE 
[INFO] 20:35:43:924 log_MONITOR/(20218:20218): PID: 30 - Operacion: IO_STDOUT_WRITE 
[INFO] 20:35:46:634 log_MONITOR/(20218:20218): PID: 18 - Operacion: IO_STDOUT_WRITE 
[INFO] 20:35:49:391 log_MONITOR/(20218:20218): PID: 24 - Operacion: IO_STDOUT_WRITE 
[INFO] 20:35:51:852 log_MONITOR/(20218:20218): PID: 6 - Operacion: IO_STDOUT_WRITE 
[INFO] 20:36:05:647 log_MONITOR/(20218:20218): PID: 18 - Operacion: IO_STDOUT_WRITE 
[INFO] 20:36:12:039 log_MONITOR/(20218:20218): PID: 24 - Operacion: IO_STDOUT_WRITE 
[INFO] 20:36:18:586 log_MONITOR/(20218:20218): PID: 6 - Operacion: IO_STDOUT_WRITE 
[INFO] 20:36:31:569 log_MONITOR/(20218:20218): PID: 12 - Operacion: IO_STDOUT_WRITE 
[INFO] 20:36:33:680 log_MONITOR/(20218:20218): PID: 30 - Operacion: IO_STDOUT_WRITE 
[INFO] 20:36:35:439 log_MONITOR/(20218:20218): PID: 18 - Operacion: IO_STDOUT_WRITE 
[INFO] 20:36:36:367 log_MONITOR/(20218:20218): PID: 24 - Operacion: IO_STDOUT_WRITE 
[ERROR] 20:36:48:466 log_MONITOR/(20218:20218): KERNEL SE DESCONECTO. Terminando PROCESO
[DEBUG] 20:43:49:211 log_MONITOR/(20829:20829): PATH CONFIG: ./configs/MONITOR.config
[INFO] 20:43:49:211 log_MONITOR/(20829:20829): Se creo la conexion entre IO y Kernel
[INFO] 20:43:49:212 log_MONITOR/(20829:20829): CONEXION CON KERNEL OK
[INFO] 20:43:49:212 log_MONITOR/(20829:20829): Se creo la conexion entre IO y MEMORIA
[INFO] 20:45:21:985 log_MONITOR/(20829:20829): PID: 18 - Operacion: IO_STDOUT_WRITE 
[INFO] 20:45:23:068 log_MONITOR/(20829:20829): PID: 24 - Operacion: IO_STDOUT_WRITE 
[INFO] 20:45:24:795 log_MONITOR/(20829:20829): PID: 30 - Operacion: IO_STDOUT_WRITE 
[INFO] 20:45:26:650 log_MONITOR/(20829:20829): PID: 12 - Operacion: IO_STDOUT_WRITE 
[INFO] 20:45:27:713 log_MONITOR/(20829:20829): PID: 6 - Operacion: IO_STDOUT_WRITE 
[INFO] 20:45:42:456 log_MONITOR/(20829:20829): PID: 18 - Operacion: IO_STDOUT_WRITE 
[INFO] 20:45:44:612 log_MONITOR/(20829:20829): PID: 24 - Operacion: IO_STDOUT_WRITE 
[INFO] 20:45:46:751 log_MONITOR/(20829:20829): PID: 30 - Operacion: IO_STDOUT_WRITE 
[INFO] 20:45:48:605 log_MONITOR/(20829:20829): PID: 12 - Operacion: IO_STDOUT_WRITE 
[INFO] 20:50:21:198 log_MONITOR/(20829:20829): PID: 5 - Operacion: IO_STDOUT_WRITE 
[INFO] 20:50:25:598 log_MONITOR/(20829:20829): PID: 17 - Operacion: IO_STDOUT_WRITE 
[INFO] 20:50:28:367 log_MONITOR/(20829:20829): PID: 23 - Operacion: IO_STDOUT_WRITE 
[INFO] 20:50:28:877 log_MONITOR/(20829:20829): PID: 11 - Operacion: IO_STDOUT_WRITE 
[INFO] 20:50:30:978 log_MONITOR/(20829:20829): PID: 29 - Operacion: IO_STDOUT_WRITE 
[INFO] 20:52:47:706 log_MONITOR/(20829:20829): PID: 28 - Operacion: IO_STDOUT_WRITE 
[INFO] 20:52:57:619 log_MONITOR/(20829:20829): PID: 10 - Operacion: IO_STDOUT_WRITE 
[INFO] 20:53:02:032 log_MONITOR/(20829:20829): PID: 4 - Operacion: IO_STDOUT_WRITE 
[INFO] 20:53:05:663 log_MONITOR/(20829:20829): PID: 22 - Operacion: IO_STDOUT_WRITE 
[ERROR] 20:53:07:053 log_MONITOR/(20829:20829): KERNEL SE DESCONECTO. Terminando PROCESO
[DEBUG] 20:58:25:508 log_MONITOR/(22097:22097): PATH CONFIG: ./configs/MONITOR.config
[INFO] 20:58:25:508 log_MONITOR/(22097:22097): Se creo la conexion entre IO y Kernel
[INFO] 20:58:25:508 log_MONITOR/(22097:22097): CONEXION CON KERNEL OK
[INFO] 20:58:25:508 log_MONITOR/(22097:22097): Se creo la conexion entre IO y MEMORIA
[ERROR] 21:01:11:773 log_MONITOR/(22097:22097): KERNEL SE DESCONECTO. Terminando PROCESO
[DEBUG] 21:02:21:727 log_MONITOR/(22476:22476): PATH CONFIG: ./configs/MONITOR.config
[INFO] 21:02:21:727 log_MONITOR/(22476:22476): Se creo la conexion entre IO y Kernel
[INFO] 21:02:21:727 log_MONITOR/(22476:22476): CONEXION CON KERNEL OK
[INFO] 21:02:21:727 log_MONITOR/(22476:22476): Se creo la conexion entre IO y MEMORIA
[INFO] 21:08:02:180 log_MONITOR/(22476:22476): PID: 5 - Operacion: IO_STDOUT_WRITE 
[INFO] 21:08:22:358 log_MONITOR/(22476:22476): PID: 29 - Operacion: IO_STDOUT_WRITE 
[INFO] 21:08:25:585 log_MONITOR/(22476:22476): PID: 11 - Operacion: IO_STDOUT_WRITE 
[INFO] 21:08:26:089 log_MONITOR/(22476:22476): PID: 17 - Operacion: IO_STDOUT_WRITE 
[INFO] 21:08:27:665 log_MONITOR/(22476:22476): PID: 23 - Operacion: IO_STDOUT_WRITE 
[INFO] 21:09:44:423 log_MONITOR/(22476:22476): PID: 6 - Operacion: IO_STDOUT_WRITE 
[INFO] 21:09:45:448 log_MONITOR/(22476:22476): PID: 12 - Operacion: IO_STDOUT_WRITE 
[INFO] 21:09:46:169 log_MONITOR/(22476:22476): PID: 18 - Operacion: IO_STDOUT_WRITE 
[INFO] 21:09:46:675 log_MONITOR/(22476:22476): PID: 24 - Operacion: IO_STDOUT_WRITE 
[INFO] 21:09:47:182 log_MONITOR/(22476:22476): PID: 30 - Operacion: IO_STDOUT_WRITE 
[INFO] 21:10:03:723 log_MONITOR/(22476:22476): PID: 12 - Operacion: IO_STDOUT_WRITE 
[INFO] 21:10:03:830 log_MONITOR/(22476:22476): PID: 18 - Operacion: IO_STDOUT_WRITE 
[INFO] 21:10:19:573 log_MONITOR/(22476:22476): PID: 24 - Operacion: IO_STDOUT_WRITE 
[INFO] 21:10:24:874 log_MONITOR/(22476:22476): PID: 30 - Operacion: IO_STDOUT_WRITE 
[INFO] 21:10:27:426 log_MONITOR/(22476:22476): PID: 12 - Operacion: IO_STDOUT_WRITE 
[INFO] 21:10:52:187 log_MONITOR/(22476:22476): PID: 16 - Operacion: IO_STDOUT_WRITE 
[INFO] 21:10:53:925 log_MONITOR/(22476:22476): PID: 28 - Operacion: IO_STDOUT_WRITE 
[INFO] 21:11:03:612 log_MONITOR/(22476:22476): PID: 4 - Operacion: IO_STDOUT_WRITE 
[INFO] 21:11:06:738 log_MONITOR/(22476:22476): PID: 10 - Operacion: IO_STDOUT_WRITE 
[INFO] 21:11:08:897 log_MONITOR/(22476:22476): PID: 22 - Operacion: IO_STDOUT_WRITE 
[INFO] 21:11:15:347 log_MONITOR/(22476:22476): PID: 18 - Operacion: IO_STDOUT_WRITE 
[INFO] 21:11:16:364 log_MONITOR/(22476:22476): PID: 24 - Operacion: IO_STDOUT_WRITE 
[INFO] 21:11:17:902 log_MONITOR/(22476:22476): PID: 30 - Operacion: IO_STDOUT_WRITE 
[INFO] 21:11:19:185 log_MONITOR/(22476:22476): PID: 12 - Operacion: IO_STDOUT_WRITE 
[ERROR] 21:11:32:694 log_MONITOR/(22476:22476): KERNEL SE DESCONECTO. Terminando PROCESO
[DEBUG] 21:13:50:078 log_MONITOR/(24074:24074): PATH CONFIG: ./configs/MONITOR.config
[INFO] 21:13:50:078 log_MONITOR/(24074:24074): Se creo la conexion entre IO y Kernel
[INFO] 21:13:50:080 log_MONITOR/(24074:24074): CONEXION CON KERNEL OK
[INFO] 21:13:50:080 log_MONITOR/(24074:24074): Se creo la conexion entre IO y MEMORIA
[INFO] 21:17:10:096 log_MONITOR/(24074:24074): PID: 6 - Operacion: IO_STDOUT_WRITE 
[INFO] 21:17:12:296 log_MONITOR/(24074:24074): PID: 24 - Operacion: IO_STDOUT_WRITE 
[INFO] 21:17:14:563 log_MONITOR/(24074:24074): PID: 12 - Operacion: IO_STDOUT_WRITE 
[INFO] 21:17:19:387 log_MONITOR/(24074:24074): PID: 30 - Operacion: IO_STDOUT_WRITE 
[INFO] 21:17:20:456 log_MONITOR/(24074:24074): PID: 18 - Operacion: IO_STDOUT_WRITE 
[INFO] 21:17:33:129 log_MONITOR/(24074:24074): PID: 12 - Operacion: IO_STDOUT_WRITE 
[INFO] 21:18:21:212 log_MONITOR/(24074:24074): PID: 30 - Operacion: IO_STDOUT_WRITE 
[INFO] 21:18:21:423 log_MONITOR/(24074:24074): PID: 18 - Operacion: IO_STDOUT_WRITE 
[INFO] 21:18:22:897 log_MONITOR/(24074:24074): PID: 6 - Operacion: IO_STDOUT_WRITE 
[INFO] 21:18:26:417 log_MONITOR/(24074:24074): PID: 24 - Operacion: IO_STDOUT_WRITE 
[INFO] 21:18:27:972 log_MONITOR/(24074:24074): PID: 12 - Operacion: IO_STDOUT_WRITE 
[INFO] 21:18:51:287 log_MONITOR/(24074:24074): PID: 18 - Operacion: IO_STDOUT_WRITE 
[INFO] 21:20:31:548 log_MONITOR/(24074:24074): PID: 5 - Operacion: IO_STDOUT_WRITE 
[INFO] 21:20:33:427 log_MONITOR/(24074:24074): PID: 11 - Operacion: IO_STDOUT_WRITE 
[INFO] 21:20:36:272 log_MONITOR/(24074:24074): PID: 17 - Operacion: IO_STDOUT_WRITE 
[INFO] 21:20:39:068 log_MONITOR/(24074:24074): PID: 23 - Operacion: IO_STDOUT_WRITE 
[INFO] 21:20:41:990 log_MONITOR/(24074:24074): PID: 29 - Operacion: IO_STDOUT_WRITE 
[INFO] 21:20:56:567 log_MONITOR/(24074:24074): PID: 6 - Operacion: IO_STDOUT_WRITE 
[INFO] 21:21:06:864 log_MONITOR/(24074:24074): PID: 12 - Operacion: IO_STDOUT_WRITE 
[INFO] 21:21:48:425 log_MONITOR/(24074:24074): PID: 30 - Operacion: IO_STDOUT_WRITE 
[INFO] 21:23:16:103 log_MONITOR/(24074:24074): PID: 24 - Operacion: IO_STDOUT_WRITE 
[INFO] 21:23:17:052 log_MONITOR/(24074:24074): PID: 18 - Operacion: IO_STDOUT_WRITE 
[INFO] 21:23:17:796 log_MONITOR/(24074:24074): PID: 6 - Operacion: IO_STDOUT_WRITE 
[INFO] 21:23:18:536 log_MONITOR/(24074:24074): PID: 12 - Operacion: IO_STDOUT_WRITE 
[INFO] 21:23:19:272 log_MONITOR/(24074:24074): PID: 30 - Operacion: IO_STDOUT_WRITE 
[INFO] 21:23:20:538 log_MONITOR/(24074:24074): PID: 4 - Operacion: IO_STDOUT_WRITE 
[INFO] 21:23:24:556 log_MONITOR/(24074:24074): PID: 16 - Operacion: IO_STDOUT_WRITE 
[INFO] 21:23:27:342 log_MONITOR/(24074:24074): PID: 22 - Operacion: IO_STDOUT_WRITE 
[INFO] 21:23:29:948 log_MONITOR/(24074:24074): PID: 28 - Operacion: IO_STDOUT_WRITE 
[INFO] 21:23:32:188 log_MONITOR/(24074:24074): PID: 10 - Operacion: IO_STDOUT_WRITE 
[INFO] 21:23:38:248 log_MONITOR/(24074:24074): PID: 18 - Operacion: IO_STDOUT_WRITE 
[INFO] 21:25:04:724 log_MONITOR/(24074:24074): PID: 6 - Operacion: IO_STDOUT_WRITE 
[INFO] 21:25:04:932 log_MONITOR/(24074:24074): PID: 30 - Operacion: IO_STDOUT_WRITE 
[INFO] 21:25:06:483 log_MONITOR/(24074:24074): PID: 24 - Operacion: IO_STDOUT_WRITE 
[INFO] 21:25:10:064 log_MONITOR/(24074:24074): PID: 12 - Operacion: IO_STDOUT_WRITE 
[INFO] 21:25:11:012 log_MONITOR/(24074:24074): PID: 18 - Operacion: IO_STDOUT_WRITE 
[INFO] 21:25:22:329 log_MONITOR/(24074:24074): PID: 6 - Operacion: IO_STDOUT_WRITE 
[INFO] 21:26:10:916 log_MONITOR/(24074:24074): PID: 5 - Operacion: IO_STDOUT_WRITE 
[INFO] 21:26:12:524 log_MONITOR/(24074:24074): PID: 11 - Operacion: IO_STDOUT_WRITE 
[INFO] 21:26:15:235 log_MONITOR/(24074:24074): PID: 17 - Operacion: IO_STDOUT_WRITE 
[INFO] 21:26:17:971 log_MONITOR/(24074:24074): PID: 23 - Operacion: IO_STDOUT_WRITE 
[INFO] 21:26:21:062 log_MONITOR/(24074:24074): PID: 29 - Operacion: IO_STDOUT_WRITE 
[INFO] 21:30:00:962 log_MONITOR/(24074:24074): PID: 24 - Operacion: IO_STDOUT_WRITE 
[INFO] 21:30:02:080 log_MONITOR/(24074:24074): PID: 18 - Operacion: IO_STDOUT_WRITE 
[INFO] 21:30:03:676 log_MONITOR/(24074:24074): PID: 30 - Operacion: IO_STDOUT_WRITE 
[INFO] 21:30:04:605 log_MONITOR/(24074:24074): PID: 6 - Operacion: IO_STDOUT_WRITE 
[INFO] 21:30:04:810 log_MONITOR/(24074:24074): PID: 12 - Operacion: IO_STDOUT_WRITE 
[INFO] 21:30:19:712 log_MONITOR/(24074:24074): PID: 24 - Operacion: IO_STDOUT_WRITE 
[INFO] 21:31:38:210 log_MONITOR/(24074:24074): PID: 4 - Operacion: IO_STDOUT_WRITE 
[INFO] 21:31:39:824 log_MONITOR/(24074:24074): PID: 5 - Operacion: IO_STDOUT_WRITE 
[INFO] 21:31:41:525 log_MONITOR/(24074:24074): PID: 11 - Operacion: IO_STDOUT_WRITE 
[INFO] 21:31:43:158 log_MONITOR/(24074:24074): PID: 16 - Operacion: IO_STDOUT_WRITE 
[INFO] 21:31:44:832 log_MONITOR/(24074:24074): PID: 17 - Operacion: IO_STDOUT_WRITE 
[INFO] 21:31:46:449 log_MONITOR/(24074:24074): PID: 22 - Operacion: IO_STDOUT_WRITE 
[INFO] 21:31:48:112 log_MONITOR/(24074:24074): PID: 23 - Operacion: IO_STDOUT_WRITE 
[INFO] 21:31:49:608 log_MONITOR/(24074:24074): PID: 28 - Operacion: IO_STDOUT_WRITE 
[INFO] 21:31:50:963 log_MONITOR/(24074:24074): PID: 29 - Operacion: IO_STDOUT_WRITE 
[INFO] 21:31:51:626 log_MONITOR/(24074:24074): PID: 10 - Operacion: IO_STDOUT_WRITE 
[INFO] 21:36:49:014 log_MONITOR/(24074:24074): PID: 5 - Operacion: IO_STDOUT_WRITE 
[INFO] 21:36:55:347 log_MONITOR/(24074:24074): PID: 23 - Operacion: IO_STDOUT_WRITE 
[INFO] 21:36:59:938 log_MONITOR/(24074:24074): PID: 18 - Operacion: IO_STDOUT_WRITE 
[INFO] 21:37:01:176 log_MONITOR/(24074:24074): PID: 6 - Operacion: IO_STDOUT_WRITE 
[INFO] 21:37:01:387 log_MONITOR/(24074:24074): PID: 12 - Operacion: IO_STDOUT_WRITE 
[INFO] 21:37:02:232 log_MONITOR/(24074:24074): PID: 30 - Operacion: IO_STDOUT_WRITE 
[INFO] 21:37:03:359 log_MONITOR/(24074:24074): PID: 24 - Operacion: IO_STDOUT_WRITE 
[INFO] 21:37:08:237 log_MONITOR/(24074:24074): PID: 11 - Operacion: IO_STDOUT_WRITE 
[INFO] 21:37:10:971 log_MONITOR/(24074:24074): PID: 17 - Operacion: IO_STDOUT_WRITE 
[INFO] 21:37:15:399 log_MONITOR/(24074:24074): PID: 29 - Operacion: IO_STDOUT_WRITE 
[INFO] 21:37:19:995 log_MONITOR/(24074:24074): PID: 18 - Operacion: IO_STDOUT_WRITE 
[INFO] 21:37:20:101 log_MONITOR/(24074:24074): PID: 6 - Operacion: IO_STDOUT_WRITE 
[INFO] 21:37:22:187 log_MONITOR/(24074:24074): PID: 12 - Operacion: IO_STDOUT_WRITE 
[INFO] 21:37:24:822 log_MONITOR/(24074:24074): PID: 24 - Operacion: IO_STDOUT_WRITE 
[ERROR] 21:37:30:059 log_MONITOR/(24074:24076): Modulo MEMORIA desconectado, terminando servidor
[ERROR] 21:37:30:328 log_MONITOR/(24074:24074): KERNEL SE DESCONECTO. Terminando PROCESO
